{"level":"info","msg":"Using configuration file: /Users/shiqi/indexer/indexer.yml","time":"2022-12-13T17:38:02-05:00"}
{"level":"info","msg":"Running 0 migrations.","time":"2022-12-13T17:38:02-05:00"}
{"level":"info","msg":"Setting status: Migrations Complete","time":"2022-12-13T17:38:02-05:00"}
{"level":"info","msg":"Migration finished successfully.","time":"2022-12-13T17:38:02-05:00"}
{"level":"info","msg":"Found Importer: algod","time":"2022-12-13T17:38:02-05:00"}
{"level":"info","msg":"Found Processor: block_evaluator","time":"2022-12-13T17:38:02-05:00"}
{"level":"info","msg":"Found Exporter: postgresql","time":"2022-12-13T17:38:02-05:00"}
{"level":"info","msg":"Starting Pipeline Initialization","time":"2022-12-13T17:38:02-05:00"}
{"level":"info","msg":"Initialized Importer: algod","time":"2022-12-13T17:38:02-05:00"}
{"level":"error","msg":"Pipeline.Init(): could not initialize processor (block_evaluator): the ledger cache is ahead of the required round (2769 > 0) and must be re-initialized","time":"2022-12-13T17:38:02-05:00"}
{"level":"info","msg":"Using configuration file: /Users/shiqi/indexer/indexer.yml","time":"2022-12-13T17:38:57-05:00"}
{"level":"info","msg":"Running 0 migrations.","time":"2022-12-13T17:38:57-05:00"}
{"level":"info","msg":"Setting status: Migrations Complete","time":"2022-12-13T17:38:57-05:00"}
{"level":"info","msg":"Migration finished successfully.","time":"2022-12-13T17:38:57-05:00"}
{"level":"info","msg":"Found Importer: algod","time":"2022-12-13T17:38:57-05:00"}
{"level":"info","msg":"Found Processor: block_evaluator","time":"2022-12-13T17:38:57-05:00"}
{"level":"info","msg":"Found Exporter: postgresql","time":"2022-12-13T17:38:57-05:00"}
{"level":"info","msg":"Starting Pipeline Initialization","time":"2022-12-13T17:38:57-05:00"}
{"level":"info","msg":"Initialized Importer: algod","time":"2022-12-13T17:38:57-05:00"}
{"level":"error","msg":"Pipeline.Init(): could not initialize processor (block_evaluator): the ledger cache is ahead of the required round (2769 > 0) and must be re-initialized","time":"2022-12-13T17:38:57-05:00"}
{"level":"info","msg":"Using configuration file: /Users/shiqi/indexer/indexer.yml","time":"2022-12-13T17:39:23-05:00"}
{"level":"info","msg":"Running 0 migrations.","time":"2022-12-13T17:39:23-05:00"}
{"level":"info","msg":"Setting status: Migrations Complete","time":"2022-12-13T17:39:23-05:00"}
{"level":"info","msg":"Migration finished successfully.","time":"2022-12-13T17:39:23-05:00"}
{"level":"info","msg":"Found Importer: algod","time":"2022-12-13T17:39:23-05:00"}
{"level":"info","msg":"Found Processor: block_evaluator","time":"2022-12-13T17:39:23-05:00"}
{"level":"info","msg":"Found Exporter: postgresql","time":"2022-12-13T17:39:23-05:00"}
{"level":"info","msg":"Starting Pipeline Initialization","time":"2022-12-13T17:39:23-05:00"}
{"level":"info","msg":"Initialized Importer: algod","time":"2022-12-13T17:39:23-05:00"}
{"__type":"processors","_name":"block_evaluator","file":"trackerdb.go","function":"github.com/algorand/go-algorand/ledger.runMigrations","level":"info","line":142,"msg":"trackerDBInitialize upgrading database schema from version 0 to version 9","time":"2022-12-13T17:39:23-05:00"}
{"__type":"processors","_name":"block_evaluator","file":"trackerdb.go","function":"github.com/algorand/go-algorand/ledger.runMigrations","level":"info","line":146,"msg":"trackerDBInitialize performing upgrade from version 0","time":"2022-12-13T17:39:23-05:00"}
{"__type":"processors","_name":"block_evaluator","file":"trackerdb.go","function":"github.com/algorand/go-algorand/ledger.(*trackerDBSchemaInitializer).upgradeDatabaseSchema0","level":"info","line":248,"msg":"upgradeDatabaseSchema0 initializing schema","time":"2022-12-13T17:39:23-05:00"}
{"__type":"processors","_name":"block_evaluator","file":"trackerdb.go","function":"github.com/algorand/go-algorand/ledger.runMigrations","level":"info","line":146,"msg":"trackerDBInitialize performing upgrade from version 1","time":"2022-12-13T17:39:23-05:00"}
{"__type":"processors","_name":"block_evaluator","file":"trackerdb.go","function":"github.com/algorand/go-algorand/ledger.runMigrations","level":"info","line":146,"msg":"trackerDBInitialize performing upgrade from version 2","time":"2022-12-13T17:39:23-05:00"}
{"__type":"processors","_name":"block_evaluator","file":"trackerdb.go","function":"github.com/algorand/go-algorand/ledger.runMigrations","level":"info","line":146,"msg":"trackerDBInitialize performing upgrade from version 3","time":"2022-12-13T17:39:23-05:00"}
{"__type":"processors","_name":"block_evaluator","file":"trackerdb.go","function":"github.com/algorand/go-algorand/ledger.runMigrations","level":"info","line":146,"msg":"trackerDBInitialize performing upgrade from version 4","time":"2022-12-13T17:39:23-05:00"}
{"__type":"processors","_name":"block_evaluator","file":"trackerdb.go","function":"github.com/algorand/go-algorand/ledger.(*trackerDBSchemaInitializer).upgradeDatabaseSchema4","level":"info","line":396,"msg":"upgradeDatabaseSchema4: deleted 0 rows","time":"2022-12-13T17:39:23-05:00"}
{"__type":"processors","_name":"block_evaluator","file":"trackerdb.go","function":"github.com/algorand/go-algorand/ledger.runMigrations","level":"info","line":146,"msg":"trackerDBInitialize performing upgrade from version 5","time":"2022-12-13T17:39:23-05:00"}
{"__type":"processors","_name":"block_evaluator","file":"trackerdb.go","function":"github.com/algorand/go-algorand/ledger.(*trackerDBSchemaInitializer).upgradeDatabaseSchema5.func1","level":"info","line":421,"msg":"upgradeDatabaseSchema5 upgraded 1 out of 146 accounts [ 0.7% ]","time":"2022-12-13T17:39:23-05:00"}
{"__type":"processors","_name":"block_evaluator","file":"trackerdb.go","function":"github.com/algorand/go-algorand/ledger.runMigrations","level":"info","line":146,"msg":"trackerDBInitialize performing upgrade from version 6","time":"2022-12-13T17:39:23-05:00"}
{"__type":"processors","_name":"block_evaluator","file":"trackerdb.go","function":"github.com/algorand/go-algorand/ledger.(*trackerDBSchemaInitializer).upgradeDatabaseSchema6.func1","level":"info","line":487,"msg":"upgradeDatabaseSchema6 upgraded 1 out of 146 accounts [ 0.7% ]","time":"2022-12-13T17:39:23-05:00"}
{"__type":"processors","_name":"block_evaluator","file":"trackerdb.go","function":"github.com/algorand/go-algorand/ledger.runMigrations","level":"info","line":146,"msg":"trackerDBInitialize performing upgrade from version 7","time":"2022-12-13T17:39:23-05:00"}
{"__type":"processors","_name":"block_evaluator","file":"trackerdb.go","function":"github.com/algorand/go-algorand/ledger.runMigrations","level":"info","line":146,"msg":"trackerDBInitialize performing upgrade from version 8","time":"2022-12-13T17:39:23-05:00"}
{"__type":"processors","_name":"block_evaluator","file":"trackerdb.go","function":"github.com/algorand/go-algorand/ledger.runMigrations","level":"info","line":207,"msg":"trackerDBInitialize database schema upgrade complete","time":"2022-12-13T17:39:23-05:00"}
{"__type":"processors","_name":"block_evaluator","file":"catchpointtracker.go","function":"github.com/algorand/go-algorand/ledger.(*catchpointTracker).initializeHashes","level":"info","line":1560,"msg":"initializeHashes rebuilding merkle trie for round 0","time":"2022-12-13T17:39:23-05:00"}
{"__type":"processors","_name":"block_evaluator","file":"catchpointtracker.go","function":"github.com/algorand/go-algorand/ledger.(*catchpointTracker).initializeHashes","level":"info","line":1679,"msg":"initializeHashes rebuilt the merkle trie with 146 entries in 2.536094ms","time":"2022-12-13T17:39:23-05:00"}
{"level":"info","msg":"Initialized Processor: block_evaluator","time":"2022-12-13T17:39:23-05:00"}
{"__type":"exporter","_name":"postgresql","level":"info","msg":"Running 0 migrations.","time":"2022-12-13T17:39:23-05:00"}
{"__type":"exporter","_name":"postgresql","level":"info","msg":"Setting status: Migrations Complete","time":"2022-12-13T17:39:23-05:00"}
{"__type":"exporter","_name":"postgresql","level":"info","msg":"Migration finished successfully.","time":"2022-12-13T17:39:23-05:00"}
{"level":"info","msg":"Initialized Exporter: postgresql","time":"2022-12-13T17:39:23-05:00"}
{"level":"info","msg":"serving on :8985","time":"2022-12-13T17:39:23-05:00"}
{"level":"info","msg":"Enable all parameters flag is set to: false","time":"2022-12-13T17:39:23-05:00"}
{"level":"info","msg":"Pipeline round: 0","time":"2022-12-13T17:39:23-05:00"}
{"__type":"exporter","_name":"postgresql","level":"info","msg":"adding block 0","time":"2022-12-13T17:39:23-05:00"}
{"level":"info","msg":"Pipeline round: 1","time":"2022-12-13T17:39:23-05:00"}
{"__type":"exporter","_name":"postgresql","level":"info","msg":"adding block 1","time":"2022-12-13T17:39:24-05:00"}
{"level":"info","msg":"Pipeline round: 2","time":"2022-12-13T17:39:24-05:00"}
{"__type":"exporter","_name":"postgresql","level":"info","msg":"adding block 2","time":"2022-12-13T17:39:24-05:00"}
{"level":"info","msg":"Pipeline round: 3","time":"2022-12-13T17:39:24-05:00"}
{"__type":"exporter","_name":"postgresql","level":"info","msg":"adding block 3","time":"2022-12-13T17:39:24-05:00"}
{"level":"info","msg":"Pipeline round: 4","time":"2022-12-13T17:39:24-05:00"}
{"__type":"exporter","_name":"postgresql","level":"info","msg":"adding block 4","time":"2022-12-13T17:39:24-05:00"}
{"level":"info","msg":"Pipeline round: 5","time":"2022-12-13T17:39:24-05:00"}
{"__type":"exporter","_name":"postgresql","level":"info","msg":"adding block 5","time":"2022-12-13T17:39:24-05:00"}
{"level":"info","msg":"Pipeline round: 6","time":"2022-12-13T17:39:24-05:00"}
{"__type":"exporter","_name":"postgresql","level":"info","msg":"adding block 6","time":"2022-12-13T17:39:24-05:00"}
{"level":"info","msg":"Pipeline round: 7","time":"2022-12-13T17:39:24-05:00"}
{"__type":"exporter","_name":"postgresql","level":"info","msg":"adding block 7","time":"2022-12-13T17:39:25-05:00"}
{"level":"info","msg":"Pipeline round: 8","time":"2022-12-13T17:39:25-05:00"}
{"__type":"exporter","_name":"postgresql","level":"info","msg":"adding block 8","time":"2022-12-13T17:39:25-05:00"}
{"level":"info","msg":"Pipeline round: 9","time":"2022-12-13T17:39:25-05:00"}
{"__type":"exporter","_name":"postgresql","level":"info","msg":"adding block 9","time":"2022-12-13T17:39:25-05:00"}
{"level":"info","msg":"Pipeline round: 10","time":"2022-12-13T17:39:25-05:00"}
{"__type":"exporter","_name":"postgresql","level":"info","msg":"adding block 10","time":"2022-12-13T17:39:25-05:00"}
{"level":"info","msg":"Pipeline round: 11","time":"2022-12-13T17:39:25-05:00"}
{"__type":"exporter","_name":"postgresql","level":"info","msg":"adding block 11","time":"2022-12-13T17:39:25-05:00"}
{"level":"info","msg":"Pipeline round: 12","time":"2022-12-13T17:39:25-05:00"}
{"__type":"exporter","_name":"postgresql","level":"info","msg":"adding block 12","time":"2022-12-13T17:39:25-05:00"}
{"level":"info","msg":"Pipeline round: 13","time":"2022-12-13T17:39:25-05:00"}
{"__type":"exporter","_name":"postgresql","level":"info","msg":"adding block 13","time":"2022-12-13T17:39:25-05:00"}
{"level":"info","msg":"Pipeline round: 14","time":"2022-12-13T17:39:25-05:00"}
{"__type":"exporter","_name":"postgresql","level":"info","msg":"adding block 14","time":"2022-12-13T17:39:25-05:00"}
{"level":"info","msg":"Pipeline round: 15","time":"2022-12-13T17:39:26-05:00"}
{"__type":"exporter","_name":"postgresql","level":"info","msg":"adding block 15","time":"2022-12-13T17:39:26-05:00"}
{"level":"info","msg":"Pipeline round: 16","time":"2022-12-13T17:39:26-05:00"}
{"__type":"exporter","_name":"postgresql","level":"info","msg":"adding block 16","time":"2022-12-13T17:39:26-05:00"}
{"level":"info","msg":"Pipeline round: 17","time":"2022-12-13T17:39:26-05:00"}
{"__type":"exporter","_name":"postgresql","level":"info","msg":"adding block 17","time":"2022-12-13T17:39:26-05:00"}
{"level":"info","msg":"Pipeline round: 18","time":"2022-12-13T17:39:26-05:00"}
{"__type":"exporter","_name":"postgresql","level":"info","msg":"adding block 18","time":"2022-12-13T17:39:26-05:00"}
{"level":"info","msg":"Pipeline round: 19","time":"2022-12-13T17:39:26-05:00"}
{"__type":"exporter","_name":"postgresql","level":"info","msg":"adding block 19","time":"2022-12-13T17:39:26-05:00"}
{"level":"info","msg":"Pipeline round: 20","time":"2022-12-13T17:39:26-05:00"}
{"__type":"exporter","_name":"postgresql","level":"info","msg":"adding block 20","time":"2022-12-13T17:39:26-05:00"}
{"level":"info","msg":"Pipeline round: 21","time":"2022-12-13T17:39:26-05:00"}
{"__type":"exporter","_name":"postgresql","level":"info","msg":"adding block 21","time":"2022-12-13T17:39:27-05:00"}
{"level":"info","msg":"Pipeline round: 22","time":"2022-12-13T17:39:27-05:00"}
{"__type":"exporter","_name":"postgresql","level":"info","msg":"adding block 22","time":"2022-12-13T17:39:27-05:00"}
{"level":"info","msg":"Pipeline round: 23","time":"2022-12-13T17:39:27-05:00"}
{"__type":"exporter","_name":"postgresql","level":"info","msg":"adding block 23","time":"2022-12-13T17:39:27-05:00"}
{"level":"info","msg":"Pipeline round: 24","time":"2022-12-13T17:39:27-05:00"}
{"__type":"exporter","_name":"postgresql","level":"info","msg":"adding block 24","time":"2022-12-13T17:39:27-05:00"}
{"level":"info","msg":"Pipeline round: 25","time":"2022-12-13T17:39:27-05:00"}
{"__type":"exporter","_name":"postgresql","level":"info","msg":"adding block 25","time":"2022-12-13T17:39:27-05:00"}
{"level":"info","msg":"Pipeline round: 26","time":"2022-12-13T17:39:27-05:00"}
{"__type":"exporter","_name":"postgresql","level":"info","msg":"adding block 26","time":"2022-12-13T17:39:27-05:00"}
{"level":"info","msg":"Pipeline round: 27","time":"2022-12-13T17:39:27-05:00"}
{"__type":"exporter","_name":"postgresql","level":"info","msg":"adding block 27","time":"2022-12-13T17:39:27-05:00"}
{"level":"info","msg":"Pipeline round: 28","time":"2022-12-13T17:39:27-05:00"}
{"__type":"exporter","_name":"postgresql","level":"info","msg":"adding block 28","time":"2022-12-13T17:39:28-05:00"}
{"level":"info","msg":"Pipeline round: 29","time":"2022-12-13T17:39:28-05:00"}
{"__type":"exporter","_name":"postgresql","level":"info","msg":"adding block 29","time":"2022-12-13T17:39:28-05:00"}
{"level":"info","msg":"Pipeline round: 30","time":"2022-12-13T17:39:28-05:00"}
{"__type":"exporter","_name":"postgresql","level":"info","msg":"adding block 30","time":"2022-12-13T17:39:28-05:00"}
{"level":"info","msg":"Pipeline round: 31","time":"2022-12-13T17:39:28-05:00"}
{"__type":"exporter","_name":"postgresql","level":"info","msg":"adding block 31","time":"2022-12-13T17:39:28-05:00"}
{"level":"info","msg":"Pipeline round: 32","time":"2022-12-13T17:39:28-05:00"}
{"__type":"exporter","_name":"postgresql","level":"info","msg":"adding block 32","time":"2022-12-13T17:39:28-05:00"}
{"level":"info","msg":"Pipeline round: 33","time":"2022-12-13T17:39:28-05:00"}
{"__type":"exporter","_name":"postgresql","level":"info","msg":"adding block 33","time":"2022-12-13T17:39:28-05:00"}
{"level":"info","msg":"Pipeline round: 34","time":"2022-12-13T17:39:28-05:00"}
{"__type":"exporter","_name":"postgresql","level":"info","msg":"adding block 34","time":"2022-12-13T17:39:28-05:00"}
{"level":"info","msg":"Pipeline round: 35","time":"2022-12-13T17:39:29-05:00"}
{"__type":"exporter","_name":"postgresql","level":"info","msg":"adding block 35","time":"2022-12-13T17:39:29-05:00"}
{"level":"info","msg":"Pipeline round: 36","time":"2022-12-13T17:39:29-05:00"}
{"__type":"exporter","_name":"postgresql","level":"info","msg":"adding block 36","time":"2022-12-13T17:39:29-05:00"}
{"level":"info","msg":"Pipeline round: 37","time":"2022-12-13T17:39:29-05:00"}
{"__type":"exporter","_name":"postgresql","level":"info","msg":"adding block 37","time":"2022-12-13T17:39:29-05:00"}
{"level":"info","msg":"Pipeline round: 38","time":"2022-12-13T17:39:29-05:00"}
{"__type":"exporter","_name":"postgresql","level":"info","msg":"adding block 38","time":"2022-12-13T17:39:29-05:00"}
{"level":"info","msg":"Pipeline round: 39","time":"2022-12-13T17:39:29-05:00"}
{"__type":"exporter","_name":"postgresql","level":"info","msg":"adding block 39","time":"2022-12-13T17:39:29-05:00"}
{"level":"info","msg":"Pipeline round: 40","time":"2022-12-13T17:39:29-05:00"}
{"__type":"exporter","_name":"postgresql","level":"info","msg":"adding block 40","time":"2022-12-13T17:39:29-05:00"}
{"level":"info","msg":"Pipeline round: 41","time":"2022-12-13T17:39:29-05:00"}
{"__type":"exporter","_name":"postgresql","level":"info","msg":"adding block 41","time":"2022-12-13T17:39:29-05:00"}
{"level":"info","msg":"Pipeline round: 42","time":"2022-12-13T17:39:30-05:00"}
{"__type":"exporter","_name":"postgresql","level":"info","msg":"adding block 42","time":"2022-12-13T17:39:30-05:00"}
{"level":"info","msg":"Pipeline round: 43","time":"2022-12-13T17:39:30-05:00"}
{"__type":"exporter","_name":"postgresql","level":"info","msg":"adding block 43","time":"2022-12-13T17:39:30-05:00"}
{"level":"info","msg":"Pipeline round: 44","time":"2022-12-13T17:39:30-05:00"}
{"__type":"exporter","_name":"postgresql","level":"info","msg":"adding block 44","time":"2022-12-13T17:39:30-05:00"}
{"level":"info","msg":"Pipeline round: 45","time":"2022-12-13T17:39:30-05:00"}
{"__type":"exporter","_name":"postgresql","level":"info","msg":"adding block 45","time":"2022-12-13T17:39:30-05:00"}
{"level":"info","msg":"Pipeline round: 46","time":"2022-12-13T17:39:30-05:00"}
{"__type":"exporter","_name":"postgresql","level":"info","msg":"adding block 46","time":"2022-12-13T17:39:30-05:00"}
{"level":"info","msg":"Pipeline round: 47","time":"2022-12-13T17:39:30-05:00"}
{"__type":"exporter","_name":"postgresql","level":"info","msg":"adding block 47","time":"2022-12-13T17:39:30-05:00"}
{"level":"info","msg":"Pipeline round: 48","time":"2022-12-13T17:39:30-05:00"}
{"__type":"exporter","_name":"postgresql","level":"info","msg":"adding block 48","time":"2022-12-13T17:39:31-05:00"}
{"level":"info","msg":"Pipeline round: 49","time":"2022-12-13T17:39:31-05:00"}
{"__type":"exporter","_name":"postgresql","level":"info","msg":"adding block 49","time":"2022-12-13T17:39:31-05:00"}
{"level":"info","msg":"Pipeline round: 50","time":"2022-12-13T17:39:31-05:00"}
{"__type":"exporter","_name":"postgresql","level":"info","msg":"adding block 50","time":"2022-12-13T17:39:31-05:00"}
{"level":"info","msg":"Pipeline round: 51","time":"2022-12-13T17:39:31-05:00"}
{"__type":"exporter","_name":"postgresql","level":"info","msg":"adding block 51","time":"2022-12-13T17:39:31-05:00"}
{"level":"info","msg":"Pipeline round: 52","time":"2022-12-13T17:39:31-05:00"}
{"__type":"exporter","_name":"postgresql","level":"info","msg":"adding block 52","time":"2022-12-13T17:39:31-05:00"}
{"level":"info","msg":"Pipeline round: 53","time":"2022-12-13T17:39:31-05:00"}
{"__type":"exporter","_name":"postgresql","level":"info","msg":"adding block 53","time":"2022-12-13T17:39:31-05:00"}
{"level":"info","msg":"Pipeline round: 54","time":"2022-12-13T17:39:31-05:00"}
{"__type":"exporter","_name":"postgresql","level":"info","msg":"adding block 54","time":"2022-12-13T17:39:32-05:00"}
{"level":"info","msg":"Pipeline round: 55","time":"2022-12-13T17:39:32-05:00"}
{"__type":"exporter","_name":"postgresql","level":"info","msg":"adding block 55","time":"2022-12-13T17:39:32-05:00"}
{"level":"info","msg":"Pipeline round: 56","time":"2022-12-13T17:39:32-05:00"}
{"__type":"exporter","_name":"postgresql","level":"info","msg":"adding block 56","time":"2022-12-13T17:39:32-05:00"}
{"level":"info","msg":"Pipeline round: 57","time":"2022-12-13T17:39:32-05:00"}
{"__type":"exporter","_name":"postgresql","level":"info","msg":"adding block 57","time":"2022-12-13T17:39:32-05:00"}
{"level":"info","msg":"Pipeline round: 58","time":"2022-12-13T17:39:32-05:00"}
{"__type":"exporter","_name":"postgresql","level":"info","msg":"adding block 58","time":"2022-12-13T17:39:32-05:00"}
{"level":"info","msg":"Stopping Indexer.","time":"2022-12-13T17:39:32-05:00"}
{"level":"info","msg":"Using configuration file: /Users/shiqi/indexer/indexer.yml","time":"2022-12-13T17:39:48-05:00"}
{"level":"info","msg":"Running 0 migrations.","time":"2022-12-13T17:39:48-05:00"}
{"level":"info","msg":"Setting status: Migrations Complete","time":"2022-12-13T17:39:48-05:00"}
{"level":"info","msg":"Migration finished successfully.","time":"2022-12-13T17:39:48-05:00"}
{"level":"info","msg":"Found Importer: algod","time":"2022-12-13T17:39:48-05:00"}
{"level":"info","msg":"Found Processor: block_evaluator","time":"2022-12-13T17:39:48-05:00"}
{"level":"info","msg":"Found Exporter: postgresql","time":"2022-12-13T17:39:48-05:00"}
{"level":"info","msg":"Starting Pipeline Initialization","time":"2022-12-13T17:39:48-05:00"}
{"level":"info","msg":"Overriding default next round from 0 to 59.","time":"2022-12-13T17:39:48-05:00"}
{"level":"info","msg":"Initialized Importer: algod","time":"2022-12-13T17:39:48-05:00"}
{"__type":"processors","_name":"block_evaluator","level":"info","msg":"initializing ledger","time":"2022-12-13T17:39:48-05:00"}
{"level":"info","msg":"Initialized Processor: block_evaluator","time":"2022-12-13T17:39:49-05:00"}
{"__type":"exporter","_name":"postgresql","level":"info","msg":"Running 0 migrations.","time":"2022-12-13T17:39:49-05:00"}
{"__type":"exporter","_name":"postgresql","level":"info","msg":"Setting status: Migrations Complete","time":"2022-12-13T17:39:49-05:00"}
{"__type":"exporter","_name":"postgresql","level":"info","msg":"Migration finished successfully.","time":"2022-12-13T17:39:49-05:00"}
{"level":"info","msg":"Initialized Exporter: postgresql","time":"2022-12-13T17:39:49-05:00"}
{"level":"info","msg":"serving on :8985","time":"2022-12-13T17:39:49-05:00"}
{"level":"info","msg":"Enable all parameters flag is set to: false","time":"2022-12-13T17:39:49-05:00"}
{"level":"info","msg":"Pipeline round: 59","time":"2022-12-13T17:39:49-05:00"}
{"__type":"exporter","_name":"postgresql","level":"info","msg":"adding block 59","time":"2022-12-13T17:39:49-05:00"}
{"level":"info","msg":"Pipeline round: 60","time":"2022-12-13T17:39:49-05:00"}
{"__type":"exporter","_name":"postgresql","level":"info","msg":"adding block 60","time":"2022-12-13T17:39:49-05:00"}
{"level":"info","msg":"Pipeline round: 61","time":"2022-12-13T17:39:49-05:00"}
{"__type":"exporter","_name":"postgresql","level":"info","msg":"adding block 61","time":"2022-12-13T17:39:49-05:00"}
{"level":"info","msg":"Pipeline round: 62","time":"2022-12-13T17:39:49-05:00"}
{"__type":"exporter","_name":"postgresql","level":"info","msg":"adding block 62","time":"2022-12-13T17:39:49-05:00"}
{"level":"info","msg":"Pipeline round: 63","time":"2022-12-13T17:39:49-05:00"}
{"__type":"exporter","_name":"postgresql","level":"info","msg":"adding block 63","time":"2022-12-13T17:39:49-05:00"}
{"level":"info","msg":"Pipeline round: 64","time":"2022-12-13T17:39:49-05:00"}
{"__type":"exporter","_name":"postgresql","level":"info","msg":"adding block 64","time":"2022-12-13T17:39:49-05:00"}
{"level":"info","msg":"Pipeline round: 65","time":"2022-12-13T17:39:50-05:00"}
{"__type":"exporter","_name":"postgresql","level":"info","msg":"adding block 65","time":"2022-12-13T17:39:50-05:00"}
{"level":"info","msg":"Pipeline round: 66","time":"2022-12-13T17:39:50-05:00"}
{"__type":"exporter","_name":"postgresql","level":"info","msg":"adding block 66","time":"2022-12-13T17:39:50-05:00"}
{"level":"info","msg":"Pipeline round: 67","time":"2022-12-13T17:39:50-05:00"}
{"__type":"exporter","_name":"postgresql","level":"info","msg":"adding block 67","time":"2022-12-13T17:39:50-05:00"}
{"level":"info","msg":"Pipeline round: 68","time":"2022-12-13T17:39:50-05:00"}
{"__type":"exporter","_name":"postgresql","level":"info","msg":"adding block 68","time":"2022-12-13T17:39:50-05:00"}
{"level":"info","msg":"Pipeline round: 69","time":"2022-12-13T17:39:50-05:00"}
{"__type":"exporter","_name":"postgresql","level":"info","msg":"adding block 69","time":"2022-12-13T17:39:50-05:00"}
{"level":"info","msg":"Pipeline round: 70","time":"2022-12-13T17:39:50-05:00"}
{"__type":"exporter","_name":"postgresql","level":"info","msg":"adding block 70","time":"2022-12-13T17:39:50-05:00"}
{"level":"info","msg":"Pipeline round: 71","time":"2022-12-13T17:39:50-05:00"}
{"__type":"exporter","_name":"postgresql","level":"info","msg":"adding block 71","time":"2022-12-13T17:39:50-05:00"}
{"level":"info","msg":"Pipeline round: 72","time":"2022-12-13T17:39:51-05:00"}
{"__type":"exporter","_name":"postgresql","level":"info","msg":"adding block 72","time":"2022-12-13T17:39:51-05:00"}
{"level":"info","msg":"Pipeline round: 73","time":"2022-12-13T17:39:51-05:00"}
{"__type":"exporter","_name":"postgresql","level":"info","msg":"adding block 73","time":"2022-12-13T17:39:51-05:00"}
{"level":"info","msg":"Pipeline round: 74","time":"2022-12-13T17:39:51-05:00"}
{"__type":"exporter","_name":"postgresql","level":"info","msg":"adding block 74","time":"2022-12-13T17:39:51-05:00"}
{"level":"info","msg":"Pipeline round: 75","time":"2022-12-13T17:39:51-05:00"}
{"__type":"exporter","_name":"postgresql","level":"info","msg":"adding block 75","time":"2022-12-13T17:39:51-05:00"}
{"level":"info","msg":"Pipeline round: 76","time":"2022-12-13T17:39:51-05:00"}
{"__type":"exporter","_name":"postgresql","level":"info","msg":"adding block 76","time":"2022-12-13T17:39:51-05:00"}
{"level":"info","msg":"Pipeline round: 77","time":"2022-12-13T17:39:51-05:00"}
{"__type":"exporter","_name":"postgresql","level":"info","msg":"adding block 77","time":"2022-12-13T17:39:51-05:00"}
{"level":"info","msg":"Pipeline round: 78","time":"2022-12-13T17:39:51-05:00"}
{"__type":"exporter","_name":"postgresql","level":"info","msg":"adding block 78","time":"2022-12-13T17:39:51-05:00"}
{"level":"info","msg":"Pipeline round: 79","time":"2022-12-13T17:39:52-05:00"}
{"__type":"exporter","_name":"postgresql","level":"info","msg":"adding block 79","time":"2022-12-13T17:39:52-05:00"}
{"level":"info","msg":"Pipeline round: 80","time":"2022-12-13T17:39:52-05:00"}
{"__type":"exporter","_name":"postgresql","level":"info","msg":"adding block 80","time":"2022-12-13T17:39:52-05:00"}
{"level":"info","msg":"Pipeline round: 81","time":"2022-12-13T17:39:52-05:00"}
{"__type":"exporter","_name":"postgresql","level":"info","msg":"adding block 81","time":"2022-12-13T17:39:52-05:00"}
{"level":"info","msg":"Pipeline round: 82","time":"2022-12-13T17:39:52-05:00"}
{"__type":"exporter","_name":"postgresql","level":"info","msg":"adding block 82","time":"2022-12-13T17:39:52-05:00"}
{"level":"info","msg":"Pipeline round: 83","time":"2022-12-13T17:39:52-05:00"}
{"__type":"exporter","_name":"postgresql","level":"info","msg":"adding block 83","time":"2022-12-13T17:39:52-05:00"}
{"level":"info","msg":"Pipeline round: 84","time":"2022-12-13T17:39:52-05:00"}
{"__type":"exporter","_name":"postgresql","level":"info","msg":"adding block 84","time":"2022-12-13T17:39:52-05:00"}
{"level":"info","msg":"Pipeline round: 85","time":"2022-12-13T17:39:52-05:00"}
{"__type":"exporter","_name":"postgresql","level":"info","msg":"adding block 85","time":"2022-12-13T17:39:53-05:00"}
{"level":"info","msg":"Pipeline round: 86","time":"2022-12-13T17:39:53-05:00"}
{"__type":"exporter","_name":"postgresql","level":"info","msg":"adding block 86","time":"2022-12-13T17:39:53-05:00"}
{"level":"info","msg":"Pipeline round: 87","time":"2022-12-13T17:39:53-05:00"}
{"__type":"exporter","_name":"postgresql","level":"info","msg":"adding block 87","time":"2022-12-13T17:39:53-05:00"}
{"level":"info","msg":"Pipeline round: 88","time":"2022-12-13T17:39:53-05:00"}
{"__type":"exporter","_name":"postgresql","level":"info","msg":"adding block 88","time":"2022-12-13T17:39:53-05:00"}
{"level":"info","msg":"Pipeline round: 89","time":"2022-12-13T17:39:53-05:00"}
{"__type":"exporter","_name":"postgresql","level":"info","msg":"adding block 89","time":"2022-12-13T17:39:53-05:00"}
{"level":"info","msg":"Pipeline round: 90","time":"2022-12-13T17:39:53-05:00"}
{"__type":"exporter","_name":"postgresql","level":"info","msg":"adding block 90","time":"2022-12-13T17:39:53-05:00"}
{"level":"info","msg":"Pipeline round: 91","time":"2022-12-13T17:39:53-05:00"}
{"__type":"exporter","_name":"postgresql","level":"info","msg":"adding block 91","time":"2022-12-13T17:39:53-05:00"}
{"level":"info","msg":"Pipeline round: 92","time":"2022-12-13T17:39:54-05:00"}
{"__type":"exporter","_name":"postgresql","level":"info","msg":"adding block 92","time":"2022-12-13T17:39:54-05:00"}
{"level":"info","msg":"Pipeline round: 93","time":"2022-12-13T17:39:54-05:00"}
{"__type":"exporter","_name":"postgresql","level":"info","msg":"adding block 93","time":"2022-12-13T17:39:54-05:00"}
{"level":"info","msg":"Pipeline round: 94","time":"2022-12-13T17:39:54-05:00"}
{"__type":"exporter","_name":"postgresql","level":"info","msg":"adding block 94","time":"2022-12-13T17:39:54-05:00"}
{"level":"info","msg":"Pipeline round: 95","time":"2022-12-13T17:39:54-05:00"}
{"__type":"exporter","_name":"postgresql","level":"info","msg":"adding block 95","time":"2022-12-13T17:39:54-05:00"}
{"level":"info","msg":"Pipeline round: 96","time":"2022-12-13T17:39:54-05:00"}
{"__type":"exporter","_name":"postgresql","level":"info","msg":"adding block 96","time":"2022-12-13T17:39:54-05:00"}
{"level":"info","msg":"Pipeline round: 97","time":"2022-12-13T17:39:54-05:00"}
{"__type":"exporter","_name":"postgresql","level":"info","msg":"adding block 97","time":"2022-12-13T17:39:54-05:00"}
{"level":"info","msg":"Pipeline round: 98","time":"2022-12-13T17:39:54-05:00"}
{"__type":"exporter","_name":"postgresql","level":"info","msg":"adding block 98","time":"2022-12-13T17:39:54-05:00"}
{"level":"info","msg":"Pipeline round: 99","time":"2022-12-13T17:39:55-05:00"}
{"__type":"exporter","_name":"postgresql","level":"info","msg":"adding block 99","time":"2022-12-13T17:39:55-05:00"}
{"level":"info","msg":"Pipeline round: 100","time":"2022-12-13T17:39:55-05:00"}
{"__type":"exporter","_name":"postgresql","level":"info","msg":"adding block 100","time":"2022-12-13T17:39:55-05:00"}
{"level":"info","msg":"Pipeline round: 101","time":"2022-12-13T17:39:55-05:00"}
{"__type":"exporter","_name":"postgresql","level":"info","msg":"adding block 101","time":"2022-12-13T17:39:55-05:00"}
{"level":"info","msg":"Pipeline round: 102","time":"2022-12-13T17:39:55-05:00"}
{"__type":"exporter","_name":"postgresql","level":"info","msg":"adding block 102","time":"2022-12-13T17:39:55-05:00"}
{"level":"info","msg":"Pipeline round: 103","time":"2022-12-13T17:39:55-05:00"}
{"__type":"exporter","_name":"postgresql","level":"info","msg":"adding block 103","time":"2022-12-13T17:39:55-05:00"}
{"level":"info","msg":"Pipeline round: 104","time":"2022-12-13T17:39:55-05:00"}
{"__type":"exporter","_name":"postgresql","level":"info","msg":"adding block 104","time":"2022-12-13T17:39:55-05:00"}
{"level":"info","msg":"Pipeline round: 105","time":"2022-12-13T17:39:55-05:00"}
{"__type":"exporter","_name":"postgresql","level":"info","msg":"adding block 105","time":"2022-12-13T17:39:56-05:00"}
{"level":"info","msg":"Pipeline round: 106","time":"2022-12-13T17:39:56-05:00"}
{"__type":"exporter","_name":"postgresql","level":"info","msg":"adding block 106","time":"2022-12-13T17:39:56-05:00"}
{"level":"info","msg":"Pipeline round: 107","time":"2022-12-13T17:39:56-05:00"}
{"__type":"exporter","_name":"postgresql","level":"info","msg":"adding block 107","time":"2022-12-13T17:39:56-05:00"}
{"level":"info","msg":"Pipeline round: 108","time":"2022-12-13T17:39:56-05:00"}
{"__type":"exporter","_name":"postgresql","level":"info","msg":"adding block 108","time":"2022-12-13T17:39:56-05:00"}
{"level":"info","msg":"Pipeline round: 109","time":"2022-12-13T17:39:56-05:00"}
{"__type":"exporter","_name":"postgresql","level":"info","msg":"adding block 109","time":"2022-12-13T17:39:56-05:00"}
{"level":"info","msg":"Pipeline round: 110","time":"2022-12-13T17:39:56-05:00"}
{"__type":"exporter","_name":"postgresql","level":"info","msg":"adding block 110","time":"2022-12-13T17:39:56-05:00"}
{"level":"info","msg":"Pipeline round: 111","time":"2022-12-13T17:39:56-05:00"}
{"__type":"exporter","_name":"postgresql","level":"info","msg":"adding block 111","time":"2022-12-13T17:39:57-05:00"}
{"level":"info","msg":"Pipeline round: 112","time":"2022-12-13T17:39:57-05:00"}
{"__type":"exporter","_name":"postgresql","level":"info","msg":"adding block 112","time":"2022-12-13T17:39:57-05:00"}
{"level":"info","msg":"Pipeline round: 113","time":"2022-12-13T17:39:57-05:00"}
{"__type":"exporter","_name":"postgresql","level":"info","msg":"adding block 113","time":"2022-12-13T17:39:57-05:00"}
{"level":"info","msg":"Pipeline round: 114","time":"2022-12-13T17:39:57-05:00"}
{"__type":"exporter","_name":"postgresql","level":"info","msg":"adding block 114","time":"2022-12-13T17:39:57-05:00"}
{"level":"info","msg":"Pipeline round: 115","time":"2022-12-13T17:39:57-05:00"}
{"__type":"exporter","_name":"postgresql","level":"info","msg":"adding block 115","time":"2022-12-13T17:39:57-05:00"}
{"level":"info","msg":"Pipeline round: 116","time":"2022-12-13T17:39:57-05:00"}
{"__type":"exporter","_name":"postgresql","level":"info","msg":"adding block 116","time":"2022-12-13T17:39:57-05:00"}
{"level":"info","msg":"Pipeline round: 117","time":"2022-12-13T17:39:57-05:00"}
{"__type":"exporter","_name":"postgresql","level":"info","msg":"adding block 117","time":"2022-12-13T17:39:57-05:00"}
{"level":"info","msg":"Pipeline round: 118","time":"2022-12-13T17:39:58-05:00"}
{"__type":"exporter","_name":"postgresql","level":"info","msg":"adding block 118","time":"2022-12-13T17:39:58-05:00"}
{"level":"info","msg":"Pipeline round: 119","time":"2022-12-13T17:39:58-05:00"}
{"__type":"exporter","_name":"postgresql","level":"info","msg":"adding block 119","time":"2022-12-13T17:39:58-05:00"}
{"level":"info","msg":"Pipeline round: 120","time":"2022-12-13T17:39:58-05:00"}
{"__type":"exporter","_name":"postgresql","level":"info","msg":"adding block 120","time":"2022-12-13T17:39:58-05:00"}
{"level":"info","msg":"Pipeline round: 121","time":"2022-12-13T17:39:58-05:00"}
{"__type":"exporter","_name":"postgresql","level":"info","msg":"adding block 121","time":"2022-12-13T17:39:58-05:00"}
{"level":"info","msg":"Pipeline round: 122","time":"2022-12-13T17:39:58-05:00"}
{"__type":"exporter","_name":"postgresql","level":"info","msg":"adding block 122","time":"2022-12-13T17:39:58-05:00"}
{"level":"info","msg":"Pipeline round: 123","time":"2022-12-13T17:39:58-05:00"}
{"__type":"exporter","_name":"postgresql","level":"info","msg":"adding block 123","time":"2022-12-13T17:39:58-05:00"}
{"level":"info","msg":"Pipeline round: 124","time":"2022-12-13T17:39:58-05:00"}
{"__type":"exporter","_name":"postgresql","level":"info","msg":"adding block 124","time":"2022-12-13T17:39:58-05:00"}
{"level":"info","msg":"Pipeline round: 125","time":"2022-12-13T17:39:59-05:00"}
{"__type":"exporter","_name":"postgresql","level":"info","msg":"adding block 125","time":"2022-12-13T17:39:59-05:00"}
{"level":"info","msg":"Pipeline round: 126","time":"2022-12-13T17:39:59-05:00"}
{"__type":"exporter","_name":"postgresql","level":"info","msg":"adding block 126","time":"2022-12-13T17:39:59-05:00"}
{"level":"info","msg":"Pipeline round: 127","time":"2022-12-13T17:39:59-05:00"}
{"__type":"exporter","_name":"postgresql","level":"info","msg":"adding block 127","time":"2022-12-13T17:39:59-05:00"}
{"level":"info","msg":"Pipeline round: 128","time":"2022-12-13T17:39:59-05:00"}
{"__type":"exporter","_name":"postgresql","level":"info","msg":"adding block 128","time":"2022-12-13T17:39:59-05:00"}
{"level":"info","msg":"Pipeline round: 129","time":"2022-12-13T17:39:59-05:00"}
{"__type":"exporter","_name":"postgresql","level":"info","msg":"adding block 129","time":"2022-12-13T17:39:59-05:00"}
{"level":"info","msg":"Pipeline round: 130","time":"2022-12-13T17:39:59-05:00"}
{"__type":"exporter","_name":"postgresql","level":"info","msg":"adding block 130","time":"2022-12-13T17:39:59-05:00"}
{"level":"info","msg":"Pipeline round: 131","time":"2022-12-13T17:39:59-05:00"}
{"__type":"exporter","_name":"postgresql","level":"info","msg":"adding block 131","time":"2022-12-13T17:39:59-05:00"}
{"level":"info","msg":"Pipeline round: 132","time":"2022-12-13T17:39:59-05:00"}
{"__type":"exporter","_name":"postgresql","level":"info","msg":"adding block 132","time":"2022-12-13T17:40:00-05:00"}
{"level":"info","msg":"Pipeline round: 133","time":"2022-12-13T17:40:00-05:00"}
{"__type":"exporter","_name":"postgresql","level":"info","msg":"adding block 133","time":"2022-12-13T17:40:00-05:00"}
{"level":"info","msg":"Pipeline round: 134","time":"2022-12-13T17:40:00-05:00"}
{"__type":"exporter","_name":"postgresql","level":"info","msg":"adding block 134","time":"2022-12-13T17:40:00-05:00"}
{"level":"info","msg":"Pipeline round: 135","time":"2022-12-13T17:40:00-05:00"}
{"__type":"exporter","_name":"postgresql","level":"info","msg":"adding block 135","time":"2022-12-13T17:40:00-05:00"}
{"level":"info","msg":"Pipeline round: 136","time":"2022-12-13T17:40:00-05:00"}
{"__type":"exporter","_name":"postgresql","level":"info","msg":"adding block 136","time":"2022-12-13T17:40:00-05:00"}
{"level":"info","msg":"Pipeline round: 137","time":"2022-12-13T17:40:00-05:00"}
{"__type":"exporter","_name":"postgresql","level":"info","msg":"adding block 137","time":"2022-12-13T17:40:00-05:00"}
{"level":"info","msg":"Pipeline round: 138","time":"2022-12-13T17:40:00-05:00"}
{"__type":"exporter","_name":"postgresql","level":"info","msg":"adding block 138","time":"2022-12-13T17:40:01-05:00"}
{"level":"info","msg":"Pipeline round: 139","time":"2022-12-13T17:40:01-05:00"}
{"__type":"exporter","_name":"postgresql","level":"info","msg":"adding block 139","time":"2022-12-13T17:40:01-05:00"}
{"level":"info","msg":"Pipeline round: 140","time":"2022-12-13T17:40:01-05:00"}
{"__type":"exporter","_name":"postgresql","level":"info","msg":"adding block 140","time":"2022-12-13T17:40:01-05:00"}
{"level":"info","msg":"Pipeline round: 141","time":"2022-12-13T17:40:01-05:00"}
{"__type":"exporter","_name":"postgresql","level":"info","msg":"adding block 141","time":"2022-12-13T17:40:01-05:00"}
{"level":"info","msg":"Pipeline round: 142","time":"2022-12-13T17:40:01-05:00"}
{"__type":"exporter","_name":"postgresql","level":"info","msg":"adding block 142","time":"2022-12-13T17:40:01-05:00"}
{"level":"info","msg":"Pipeline round: 143","time":"2022-12-13T17:40:01-05:00"}
{"__type":"exporter","_name":"postgresql","level":"info","msg":"adding block 143","time":"2022-12-13T17:40:01-05:00"}
{"level":"info","msg":"Pipeline round: 144","time":"2022-12-13T17:40:01-05:00"}
{"__type":"exporter","_name":"postgresql","level":"info","msg":"adding block 144","time":"2022-12-13T17:40:01-05:00"}
{"level":"info","msg":"Pipeline round: 145","time":"2022-12-13T17:40:01-05:00"}
{"__type":"exporter","_name":"postgresql","level":"info","msg":"adding block 145","time":"2022-12-13T17:40:02-05:00"}
{"level":"info","msg":"Pipeline round: 146","time":"2022-12-13T17:40:02-05:00"}
{"__type":"exporter","_name":"postgresql","level":"info","msg":"adding block 146","time":"2022-12-13T17:40:02-05:00"}
{"level":"info","msg":"Pipeline round: 147","time":"2022-12-13T17:40:02-05:00"}
{"__type":"exporter","_name":"postgresql","level":"info","msg":"adding block 147","time":"2022-12-13T17:40:02-05:00"}
{"level":"info","msg":"Pipeline round: 148","time":"2022-12-13T17:40:02-05:00"}
{"__type":"exporter","_name":"postgresql","level":"info","msg":"adding block 148","time":"2022-12-13T17:40:02-05:00"}
{"level":"info","msg":"Pipeline round: 149","time":"2022-12-13T17:40:02-05:00"}
{"__type":"exporter","_name":"postgresql","level":"info","msg":"adding block 149","time":"2022-12-13T17:40:02-05:00"}
{"level":"info","msg":"Pipeline round: 150","time":"2022-12-13T17:40:02-05:00"}
{"__type":"exporter","_name":"postgresql","level":"info","msg":"adding block 150","time":"2022-12-13T17:40:02-05:00"}
{"level":"info","msg":"Pipeline round: 151","time":"2022-12-13T17:40:02-05:00"}
{"__type":"exporter","_name":"postgresql","level":"info","msg":"adding block 151","time":"2022-12-13T17:40:02-05:00"}
{"level":"info","msg":"Pipeline round: 152","time":"2022-12-13T17:40:02-05:00"}
{"__type":"exporter","_name":"postgresql","level":"info","msg":"adding block 152","time":"2022-12-13T17:40:03-05:00"}
{"level":"info","msg":"Pipeline round: 153","time":"2022-12-13T17:40:03-05:00"}
{"__type":"exporter","_name":"postgresql","level":"info","msg":"adding block 153","time":"2022-12-13T17:40:03-05:00"}
{"level":"info","msg":"Pipeline round: 154","time":"2022-12-13T17:40:03-05:00"}
{"__type":"exporter","_name":"postgresql","level":"info","msg":"adding block 154","time":"2022-12-13T17:40:03-05:00"}
{"level":"info","msg":"Pipeline round: 155","time":"2022-12-13T17:40:03-05:00"}
{"__type":"exporter","_name":"postgresql","level":"info","msg":"adding block 155","time":"2022-12-13T17:40:03-05:00"}
{"level":"info","msg":"Pipeline round: 156","time":"2022-12-13T17:40:03-05:00"}
{"__type":"exporter","_name":"postgresql","level":"info","msg":"adding block 156","time":"2022-12-13T17:40:03-05:00"}
{"level":"info","msg":"Pipeline round: 157","time":"2022-12-13T17:40:03-05:00"}
{"__type":"exporter","_name":"postgresql","level":"info","msg":"adding block 157","time":"2022-12-13T17:40:03-05:00"}
{"level":"info","msg":"Pipeline round: 158","time":"2022-12-13T17:40:03-05:00"}
{"level":"info","msg":"Stopping Indexer.","time":"2022-12-13T17:40:03-05:00"}
{"level":"error","msg":"GetBlock ctx error: context canceled","time":"2022-12-13T17:40:03-05:00"}
{"level":"error","msg":"Pipeline has exceeded maximum retry count (0) - stopping...","time":"2022-12-13T17:40:03-05:00"}
